<component name="libraryTable">
  <library name="junit.platform.commons" type="repository">
    <properties maven-id="org.junit.platform:junit-platform-commons:1.9.1" />
    <CLASSES>
      <root url="jar://$MAVEN_REPOSITORY$/org/junit/platform/junit-platform-commons/1.9.1/junit-platform-commons-1.9.1.jar!/" />
      <root url="jar://$MAVEN_REPOSITORY$/org/apiguardian/apiguardian-api/1.1.2/apiguardian-api-1.1.2.jar!/" />
    </CLASSES>
    <JAVADOC />
    <SOURCES />
  </library>
</component>